<?xml version="1.0" encoding="UTF-8"?>
<testsuite xmlns:xsi="http://www.w3.org/2001/XMLSchema-instance" xsi:noNamespaceSchemaLocation="https://maven.apache.org/surefire/maven-surefire-plugin/xsd/surefire-test-report.xsd" name="com.example.flinkcdcdm.serializer.CanalJsonSerializerTest" time="0.254" tests="4" errors="0" skipped="0" failures="0">
  <properties>
[...]
</properties>
  <testcase name="testDeleteEvent_shouldGenerateCanalJsonWithBeforeData" classname="com.example.flinkcdcdm.serializer.CanalJsonSerializerTest" time="0.229"/>
  <testcase name="testInsertEvent_shouldGenerateCanalJsonWithCorrectFields" classname="com.example.flinkcdcdm.serializer.CanalJsonSerializerTest" time="0.006"/>
  <testcase name="testNullValueRecord_shouldReturnNull" classname="com.example.flinkcdcdm.serializer.CanalJsonSerializerTest" time="0.001"/>
  <testcase name="testUpdateEvent_shouldGenerateCanalJsonWithOldFields" classname="com.example.flinkcdcdm.serializer.CanalJsonSerializerTest" time="0.006"/>
</testsuite>